[INFO] Wed Mar 11 21:20:47 WAT 2026: virtual environment already exists
msg
Requirement already satisfied: pip in ./.venv/lib/python3.12/site-packages (26.0.1)
msg
msg
[INFO] Wed Mar 11 21:20:51 WAT 2026: Installing pandas...
Collecting pandas
  Using cached pandas-3.0.1-cp312-cp312-manylinux_2_24_x86_64.manylinux_2_28_x86_64.whl.metadata (79 kB)
Collecting numpy>=1.26.0 (from pandas)
  Using cached numpy-2.4.3-cp312-cp312-manylinux_2_27_x86_64.manylinux_2_28_x86_64.whl.metadata (6.6 kB)
Collecting python-dateutil>=2.8.2 (from pandas)
  Using cached python_dateutil-2.9.0.post0-py2.py3-none-any.whl.metadata (8.4 kB)
Collecting six>=1.5 (from python-dateutil>=2.8.2->pandas)
  Using cached six-1.17.0-py2.py3-none-any.whl.metadata (1.7 kB)
Using cached pandas-3.0.1-cp312-cp312-manylinux_2_24_x86_64.manylinux_2_28_x86_64.whl (10.9 MB)
Using cached numpy-2.4.3-cp312-cp312-manylinux_2_27_x86_64.manylinux_2_28_x86_64.whl (16.6 MB)
Using cached python_dateutil-2.9.0.post0-py2.py3-none-any.whl (229 kB)
Using cached six-1.17.0-py2.py3-none-any.whl (11 kB)
Installing collected packages: six, numpy, python-dateutil, pandas

Successfully installed numpy-2.4.3 pandas-3.0.1 python-dateutil-2.9.0.post0 six-1.17.0
msg
[INFO] Wed Mar 11 21:21:10 WAT 2026: Installing requests...
Collecting requests
  Using cached requests-2.32.5-py3-none-any.whl.metadata (4.9 kB)
Collecting charset_normalizer<4,>=2 (from requests)
  Using cached charset_normalizer-3.4.5-cp312-cp312-manylinux2014_x86_64.manylinux_2_17_x86_64.manylinux_2_28_x86_64.whl.metadata (39 kB)
Collecting idna<4,>=2.5 (from requests)
  Using cached idna-3.11-py3-none-any.whl.metadata (8.4 kB)
Collecting urllib3<3,>=1.21.1 (from requests)
  Using cached urllib3-2.6.3-py3-none-any.whl.metadata (6.9 kB)
Collecting certifi>=2017.4.17 (from requests)
  Using cached certifi-2026.2.25-py3-none-any.whl.metadata (2.5 kB)
Using cached requests-2.32.5-py3-none-any.whl (64 kB)
Using cached charset_normalizer-3.4.5-cp312-cp312-manylinux2014_x86_64.manylinux_2_17_x86_64.manylinux_2_28_x86_64.whl (196 kB)
Using cached idna-3.11-py3-none-any.whl (71 kB)
Using cached urllib3-2.6.3-py3-none-any.whl (131 kB)
Using cached certifi-2026.2.25-py3-none-any.whl (153 kB)
Installing collected packages: urllib3, idna, charset_normalizer, certifi, requests

Successfully installed certifi-2026.2.25 charset_normalizer-3.4.5 idna-3.11 requests-2.32.5 urllib3-2.6.3
msg
msg
